[03:16:16] [ServerMain/INFO]: Environment: Environment[sessionHost=https://sessionserver.mojang.com, servicesHost=https://api.minecraftservices.com, profilesHost=https://api.mojang.com, name=PROD]
[03:16:18] [ServerMain/INFO]: No existing world data, creating new world
[03:16:19] [ServerMain/INFO]: Loaded 1461 recipes
[03:16:19] [ServerMain/INFO]: Loaded 1574 advancements
[03:16:19] [Server thread/INFO]: Starting minecraft server version 1.21.10
[03:16:19] [Server thread/INFO]: Loading properties
[03:16:19] [Server thread/INFO]: Default game type: SURVIVAL
[03:16:19] [Server thread/INFO]: Generating keypair
[03:16:19] [Server thread/INFO]: Starting Minecraft server on *:25565
[03:16:19] [Server thread/INFO]: Using epoll channel type
[03:16:19] [Server thread/WARN]: **** SERVER IS RUNNING IN OFFLINE/INSECURE MODE!
[03:16:19] [Server thread/WARN]: The server will make no attempt to authenticate usernames. Beware.
[03:16:19] [Server thread/WARN]: While this makes the game possible to play without internet access, it also opens up the ability for hackers to connect with any username they choose.
[03:16:19] [Server thread/WARN]: To change this, set "online-mode" to "true" in the server.properties file.
[03:16:19] [Server thread/INFO]: Preparing level "world"
[03:16:19] [Server thread/INFO]: Selecting global world spawn...
[03:16:25] [Server thread/INFO]: Loading 0 persistent chunks...
[03:16:25] [Server thread/INFO]: Preparing spawn area: 100%
[03:16:25] [Server thread/INFO]: Time elapsed: 5525 ms
[03:16:25] [Server thread/INFO]: Done (5.832s)! For help, type "help"
[03:17:00] [Server thread/INFO]: Van_Net[/127.173.91.169:52665] logged in with entity id 9 at (-487.5, 69.0, 155.5)
[03:17:00] [Server thread/INFO]: Van_Net joined the game
[03:18:52] [Server thread/INFO]: Van_Net lost connection: Disconnected
[03:18:52] [Server thread/INFO]: Van_Net left the game
[03:19:01] [Server thread/INFO]: Unknown or incomplete command. See below for error
[03:19:01] [Server thread/INFO]: 14stop<--[HERE]
[03:19:04] [Server thread/INFO]: Stopping the server
[03:19:04] [Server thread/INFO]: Stopping server
[03:19:04] [Server thread/INFO]: Saving players
[03:19:04] [Server thread/INFO]: Saving worlds
[03:19:04] [Server thread/INFO]: Saving chunks for level 'ServerLevel[world]'/minecraft:overworld
[03:19:04] [Server thread/INFO]: Saving chunks for level 'ServerLevel[world]'/minecraft:the_nether
[03:19:04] [Server thread/INFO]: Saving chunks for level 'ServerLevel[world]'/minecraft:the_end
[03:19:04] [Server thread/INFO]: ThreadedAnvilChunkStorage (world): All chunks are saved
[03:19:04] [Server thread/INFO]: ThreadedAnvilChunkStorage (DIM-1): All chunks are saved
[03:19:04] [Server thread/INFO]: ThreadedAnvilChunkStorage (DIM1): All chunks are saved
[03:19:04] [Server thread/INFO]: ThreadedAnvilChunkStorage: All dimensions are saved
